c:\users\krzysiek\source\repos\proe_wpozyczalnia_nart\proe_wypozyczalnia_nart_1\x64\debug\vc141.pdb
c:\users\krzysiek\source\repos\proe_wpozyczalnia_nart\proe_wypozyczalnia_nart_1\x64\debug\vc141.idb
c:\users\krzysiek\source\repos\proe_wpozyczalnia_nart\proe_wypozyczalnia_nart_1\x64\debug\kask.obj
c:\users\krzysiek\source\repos\proe_wpozyczalnia_nart\proe_wypozyczalnia_nart_1\x64\debug\main.obj
c:\users\krzysiek\source\repos\proe_wpozyczalnia_nart\proe_wypozyczalnia_nart_1\x64\debug\narty.obj
c:\users\krzysiek\source\repos\proe_wpozyczalnia_nart\proe_wypozyczalnia_nart_1\x64\debug\snowboard.obj
c:\users\krzysiek\source\repos\proe_wpozyczalnia_nart\proe_wypozyczalnia_nart_1\x64\debug\testkask.obj
c:\users\krzysiek\source\repos\proe_wpozyczalnia_nart\proe_wypozyczalnia_nart_1\x64\debug\testnarty.obj
c:\users\krzysiek\source\repos\proe_wpozyczalnia_nart\proe_wypozyczalnia_nart_1\x64\debug\testsnowboard.obj
c:\users\krzysiek\source\repos\proe_wpozyczalnia_nart\proe_wypozyczalnia_nart_1\x64\debug\testwypozyczalnia.obj
c:\users\krzysiek\source\repos\proe_wpozyczalnia_nart\proe_wypozyczalnia_nart_1\x64\debug\wypozyczalnia.obj
c:\users\krzysiek\source\repos\proe_wpozyczalnia_nart\x64\debug\proe_wypozyczalnia_nart_1.ilk
c:\users\krzysiek\source\repos\proe_wpozyczalnia_nart\x64\debug\proe_wypozyczalnia_nart_1.exe
c:\users\krzysiek\source\repos\proe_wpozyczalnia_nart\x64\debug\proe_wypozyczalnia_nart_1.pdb
c:\users\krzysiek\source\repos\proe_wpozyczalnia_nart\proe_wypozyczalnia_nart_1\x64\debug\proe_wyp.ad4f90d4.tlog\cl.command.1.tlog
c:\users\krzysiek\source\repos\proe_wpozyczalnia_nart\proe_wypozyczalnia_nart_1\x64\debug\proe_wyp.ad4f90d4.tlog\cl.read.1.tlog
c:\users\krzysiek\source\repos\proe_wpozyczalnia_nart\proe_wypozyczalnia_nart_1\x64\debug\proe_wyp.ad4f90d4.tlog\cl.write.1.tlog
c:\users\krzysiek\source\repos\proe_wpozyczalnia_nart\proe_wypozyczalnia_nart_1\x64\debug\proe_wyp.ad4f90d4.tlog\link.command.1.tlog
c:\users\krzysiek\source\repos\proe_wpozyczalnia_nart\proe_wypozyczalnia_nart_1\x64\debug\proe_wyp.ad4f90d4.tlog\link.read.1.tlog
c:\users\krzysiek\source\repos\proe_wpozyczalnia_nart\proe_wypozyczalnia_nart_1\x64\debug\proe_wyp.ad4f90d4.tlog\link.write.1.tlog
