  wypozyczalnia.cpp
e:\szkoła\studnia\proe\proe_wpozyczalnia_nart\proe_wypozyczalnia_nart_1\wypozyczalnia.cpp(61): warning C4018: "<": niezgodność typu ze znakiem/bez znaku
e:\szkoła\studnia\proe\proe_wpozyczalnia_nart\proe_wypozyczalnia_nart_1\wypozyczalnia.cpp(253): warning C4018: "<": niezgodność typu ze znakiem/bez znaku
e:\szkoła\studnia\proe\proe_wpozyczalnia_nart\proe_wypozyczalnia_nart_1\wypozyczalnia.cpp(275): error C2679: dwuargumentowy ">>": nie znaleziono żadnego operatora, który przyjmuje prawostronny operand typu "overloaded-function" (lub nie istnieje akceptowalna konwersja)
  c:\program files (x86)\microsoft visual studio\2017\professional\vc\tools\msvc\14.10.25017\include\istream(475): note: może to być „std::basic_istream<char,std::char_traits<char>> &std::basic_istream<char,std::char_traits<char>>::operator >>(std::basic_streambuf<char,std::char_traits<char>> *)”
  c:\program files (x86)\microsoft visual studio\2017\professional\vc\tools\msvc\14.10.25017\include\istream(456): note: lub       "std::basic_istream<char,std::char_traits<char>> &std::basic_istream<char,std::char_traits<char>>::operator >>(void *&)"
  c:\program files (x86)\microsoft visual studio\2017\professional\vc\tools\msvc\14.10.25017\include\istream(438): note: lub       "std::basic_istream<char,std::char_traits<char>> &std::basic_istream<char,std::char_traits<char>>::operator >>(long double &)"
  c:\program files (x86)\microsoft visual studio\2017\professional\vc\tools\msvc\14.10.25017\include\istream(420): note: lub       "std::basic_istream<char,std::char_traits<char>> &std::basic_istream<char,std::char_traits<char>>::operator >>(double &)"
  c:\program files (x86)\microsoft visual studio\2017\professional\vc\tools\msvc\14.10.25017\include\istream(401): note: lub       "std::basic_istream<char,std::char_traits<char>> &std::basic_istream<char,std::char_traits<char>>::operator >>(float &)"
  c:\program files (x86)\microsoft visual studio\2017\professional\vc\tools\msvc\14.10.25017\include\istream(383): note: lub       "std::basic_istream<char,std::char_traits<char>> &std::basic_istream<char,std::char_traits<char>>::operator >>(unsigned __int64 &)"
  c:\program files (x86)\microsoft visual studio\2017\professional\vc\tools\msvc\14.10.25017\include\istream(364): note: lub       "std::basic_istream<char,std::char_traits<char>> &std::basic_istream<char,std::char_traits<char>>::operator >>(__int64 &)"
  c:\program files (x86)\microsoft visual studio\2017\professional\vc\tools\msvc\14.10.25017\include\istream(345): note: lub       "std::basic_istream<char,std::char_traits<char>> &std::basic_istream<char,std::char_traits<char>>::operator >>(unsigned long &)"
  c:\program files (x86)\microsoft visual studio\2017\professional\vc\tools\msvc\14.10.25017\include\istream(327): note: lub       "std::basic_istream<char,std::char_traits<char>> &std::basic_istream<char,std::char_traits<char>>::operator >>(long &)"
  c:\program files (x86)\microsoft visual studio\2017\professional\vc\tools\msvc\14.10.25017\include\istream(309): note: lub       "std::basic_istream<char,std::char_traits<char>> &std::basic_istream<char,std::char_traits<char>>::operator >>(unsigned int &)"
  c:\program files (x86)\microsoft visual studio\2017\professional\vc\tools\msvc\14.10.25017\include\istream(283): note: lub       "std::basic_istream<char,std::char_traits<char>> &std::basic_istream<char,std::char_traits<char>>::operator >>(int &)"
  c:\program files (x86)\microsoft visual studio\2017\professional\vc\tools\msvc\14.10.25017\include\istream(264): note: lub       "std::basic_istream<char,std::char_traits<char>> &std::basic_istream<char,std::char_traits<char>>::operator >>(unsigned short &)"
  c:\program files (x86)\microsoft visual studio\2017\professional\vc\tools\msvc\14.10.25017\include\istream(229): note: lub       "std::basic_istream<char,std::char_traits<char>> &std::basic_istream<char,std::char_traits<char>>::operator >>(short &)"
  c:\program files (x86)\microsoft visual studio\2017\professional\vc\tools\msvc\14.10.25017\include\istream(210): note: lub       "std::basic_istream<char,std::char_traits<char>> &std::basic_istream<char,std::char_traits<char>>::operator >>(bool &)"
  c:\program files (x86)\microsoft visual studio\2017\professional\vc\tools\msvc\14.10.25017\include\istream(204): note: lub       "std::basic_istream<char,std::char_traits<char>> &std::basic_istream<char,std::char_traits<char>>::operator >>(std::ios_base &(__cdecl *)(std::ios_base &))"
  c:\program files (x86)\microsoft visual studio\2017\professional\vc\tools\msvc\14.10.25017\include\istream(198): note: lub       "std::basic_istream<char,std::char_traits<char>> &std::basic_istream<char,std::char_traits<char>>::operator >>(std::basic_ios<char,std::char_traits<char>> &(__cdecl *)(std::basic_ios<char,std::char_traits<char>> &))"
  c:\program files (x86)\microsoft visual studio\2017\professional\vc\tools\msvc\14.10.25017\include\istream(193): note: lub       "std::basic_istream<char,std::char_traits<char>> &std::basic_istream<char,std::char_traits<char>>::operator >>(std::basic_istream<char,std::char_traits<char>> &(__cdecl *)(std::basic_istream<char,std::char_traits<char>> &))"
  e:\szkoła\studnia\proe\proe_wpozyczalnia_nart\proe_wypozyczalnia_nart_1\wypozyczalnia.cpp(270): note: lub       "std::istream &operator >>(std::istream &,Wypozyczalnia &)"
  e:\szkoła\studnia\proe\proe_wpozyczalnia_nart\proe_wypozyczalnia_nart_1\narty.hpp(65): note: lub       "std::istream &operator >>(std::istream &,Narty &)"
  c:\program files (x86)\microsoft visual studio\2017\professional\vc\tools\msvc\14.10.25017\include\string(134): note: lub       "std::basic_istream<char,std::char_traits<char>> &std::operator >><char,std::char_traits<char>,std::allocator<char>>(std::basic_istream<char,std::char_traits<char>> &,std::basic_string<char,std::char_traits<char>,std::allocator<char>> &)"
  c:\program files (x86)\microsoft visual studio\2017\professional\vc\tools\msvc\14.10.25017\include\string(20): note: lub       "std::basic_istream<char,std::char_traits<char>> &std::operator >><char,std::char_traits<char>,std::allocator<char>>(std::basic_istream<char,std::char_traits<char>> &&,std::basic_string<char,std::char_traits<char>,std::allocator<char>> &)"
  c:\program files (x86)\microsoft visual studio\2017\professional\vc\tools\msvc\14.10.25017\include\istream(1082): note: lub       "std::basic_istream<char,std::char_traits<char>> &std::operator >><std::char_traits<char>>(std::basic_istream<char,std::char_traits<char>> &,unsigned char &)"
  c:\program files (x86)\microsoft visual studio\2017\professional\vc\tools\msvc\14.10.25017\include\istream(1075): note: lub       "std::basic_istream<char,std::char_traits<char>> &std::operator >><std::char_traits<char>>(std::basic_istream<char,std::char_traits<char>> &,unsigned char *)"
  c:\program files (x86)\microsoft visual studio\2017\professional\vc\tools\msvc\14.10.25017\include\istream(1068): note: lub       "std::basic_istream<char,std::char_traits<char>> &std::operator >><std::char_traits<char>>(std::basic_istream<char,std::char_traits<char>> &,signed char &)"
  c:\program files (x86)\microsoft visual studio\2017\professional\vc\tools\msvc\14.10.25017\include\istream(1061): note: lub       "std::basic_istream<char,std::char_traits<char>> &std::operator >><std::char_traits<char>>(std::basic_istream<char,std::char_traits<char>> &,signed char *)"
  e:\szkoła\studnia\proe\proe_wpozyczalnia_nart\proe_wypozyczalnia_nart_1\wypozyczalnia.cpp(275): note: podczas próby dopasowania listy argumentów "(std::basic_istream<char,std::char_traits<char>>, overloaded-function)"
