e:\downloads\proe_wpozyczalnia_nart-20170325t122239z-001\proe_wpozyczalnia_nart\proe_wypozyczalnia_nart_1\debug\vc141.pdb
e:\downloads\proe_wpozyczalnia_nart-20170325t122239z-001\proe_wpozyczalnia_nart\proe_wypozyczalnia_nart_1\debug\vc141.idb
e:\downloads\proe_wpozyczalnia_nart-20170325t122239z-001\proe_wpozyczalnia_nart\proe_wypozyczalnia_nart_1\debug\kask.obj
e:\downloads\proe_wpozyczalnia_nart-20170325t122239z-001\proe_wpozyczalnia_nart\proe_wypozyczalnia_nart_1\debug\main.obj
e:\downloads\proe_wpozyczalnia_nart-20170325t122239z-001\proe_wpozyczalnia_nart\proe_wypozyczalnia_nart_1\debug\narty.obj
e:\downloads\proe_wpozyczalnia_nart-20170325t122239z-001\proe_wpozyczalnia_nart\proe_wypozyczalnia_nart_1\debug\snowboard.obj
e:\downloads\proe_wpozyczalnia_nart-20170325t122239z-001\proe_wpozyczalnia_nart\proe_wypozyczalnia_nart_1\debug\testkask.obj
e:\downloads\proe_wpozyczalnia_nart-20170325t122239z-001\proe_wpozyczalnia_nart\proe_wypozyczalnia_nart_1\debug\testnarty.obj
e:\downloads\proe_wpozyczalnia_nart-20170325t122239z-001\proe_wpozyczalnia_nart\proe_wypozyczalnia_nart_1\debug\testsnowboard.obj
e:\downloads\proe_wpozyczalnia_nart-20170325t122239z-001\proe_wpozyczalnia_nart\proe_wypozyczalnia_nart_1\debug\testwypozyczalnia.obj
e:\downloads\proe_wpozyczalnia_nart-20170325t122239z-001\proe_wpozyczalnia_nart\proe_wypozyczalnia_nart_1\debug\wypozyczalnia.obj
e:\downloads\proe_wpozyczalnia_nart-20170325t122239z-001\proe_wpozyczalnia_nart\debug\proe_wypozyczalnia_nart_1.ilk
e:\downloads\proe_wpozyczalnia_nart-20170325t122239z-001\proe_wpozyczalnia_nart\debug\proe_wypozyczalnia_nart_1.exe
e:\downloads\proe_wpozyczalnia_nart-20170325t122239z-001\proe_wpozyczalnia_nart\debug\proe_wypozyczalnia_nart_1.pdb
e:\downloads\proe_wpozyczalnia_nart-20170325t122239z-001\proe_wpozyczalnia_nart\proe_wypozyczalnia_nart_1\debug\kask.obj.enc
e:\downloads\proe_wpozyczalnia_nart-20170325t122239z-001\proe_wpozyczalnia_nart\proe_wypozyczalnia_nart_1\debug\main.obj.enc
e:\downloads\proe_wpozyczalnia_nart-20170325t122239z-001\proe_wpozyczalnia_nart\proe_wypozyczalnia_nart_1\debug\snowboard.obj.enc
e:\downloads\proe_wpozyczalnia_nart-20170325t122239z-001\proe_wpozyczalnia_nart\proe_wypozyczalnia_nart_1\debug\testkask.obj.enc
e:\downloads\proe_wpozyczalnia_nart-20170325t122239z-001\proe_wpozyczalnia_nart\proe_wypozyczalnia_nart_1\debug\testsnowboard.obj.enc
e:\downloads\proe_wpozyczalnia_nart-20170325t122239z-001\proe_wpozyczalnia_nart\proe_wypozyczalnia_nart_1\debug\testwypozyczalnia.obj.enc
e:\downloads\proe_wpozyczalnia_nart-20170325t122239z-001\proe_wpozyczalnia_nart\proe_wypozyczalnia_nart_1\debug\proe_wyp.ad4f90d4.tlog\cl.command.1.tlog
e:\downloads\proe_wpozyczalnia_nart-20170325t122239z-001\proe_wpozyczalnia_nart\proe_wypozyczalnia_nart_1\debug\proe_wyp.ad4f90d4.tlog\cl.read.1.tlog
e:\downloads\proe_wpozyczalnia_nart-20170325t122239z-001\proe_wpozyczalnia_nart\proe_wypozyczalnia_nart_1\debug\proe_wyp.ad4f90d4.tlog\cl.write.1.tlog
e:\downloads\proe_wpozyczalnia_nart-20170325t122239z-001\proe_wpozyczalnia_nart\proe_wypozyczalnia_nart_1\debug\proe_wyp.ad4f90d4.tlog\link.command.1.tlog
e:\downloads\proe_wpozyczalnia_nart-20170325t122239z-001\proe_wpozyczalnia_nart\proe_wypozyczalnia_nart_1\debug\proe_wyp.ad4f90d4.tlog\link.read.1.tlog
e:\downloads\proe_wpozyczalnia_nart-20170325t122239z-001\proe_wpozyczalnia_nart\proe_wypozyczalnia_nart_1\debug\proe_wyp.ad4f90d4.tlog\link.write.1.tlog
